<?xml version="1.0" encoding="UTF-8"?>
<testsuite xmlns:xsi="http://www.w3.org/2001/XMLSchema-instance" xsi:noNamespaceSchemaLocation="https://maven.apache.org/surefire/maven-surefire-plugin/xsd/surefire-test-report-3.0.xsd" version="3.0" name="cucumber.Options.TestRunner" time="5.207" tests="1" errors="0" skipped="0" failures="0">
  <properties>
[...]
</properties>
  <testcase name="Controlled OTP Resend Interval" classname="Implement OTP Functionality with Security Measures for mobile app login. Validate rate limiting, anti-automation checks," time="4.393">
    <system-out><![CDATA[
@loginMobileAppVAPTsc1
Scenario: Controlled OTP Resend Interval                                 # src/test/java/features/LoginMobileAppVAPT.feature:8
  Given user submit "request_login_otp" with "POST" request for Applogin # stepDefinitions.LoginApiSteps.userSubmitWithRequestForApplogin(java.lang.String,java.lang.String)
response now: ------------------------------{"statusCode":200,"message":"SUCCESS","responseData":{"validForInMilliSec":60000,"token":"zQyc4Fm9idJrixZTVQ7LLJBDgzc2N0ld/Ci9z3/rYENqWcs1HsMeUW//B/ZW8L73"}}
OTPtoken:--------------------- zQyc4Fm9idJrixZTVQ7LLJBDgzc2N0ld/Ci9z3/rYENqWcs1HsMeUW//B/ZW8L73
  Then validate response token validity time limit and generated token   # stepDefinitions.LoginMobileAppVAPT.validateResponseTokenValidityTimeLimitAndGeneratedToken()
  And validate "statusCode" is "200" in responseBody                     # stepDefinitions.CommonStepDefinitions.validateIsInResponseBody(java.lang.String,java.lang.String)
  And validate "message" is "SUCCESS" in responseBody                    # stepDefinitions.CommonStepDefinitions.validateIsInResponseBody(java.lang.String,java.lang.String)
]]></system-out>
    <system-err><![CDATA[SLF4J(W): No SLF4J providers were found.
SLF4J(W): Defaulting to no-operation (NOP) logger implementation
SLF4J(W): See https://www.slf4j.org/codes.html#noProviders for further details.
]]></system-err>
  </testcase>
</testsuite>