<?xml version="1.0" encoding="UTF-8"?>
<testsuite xmlns:xsi="http://www.w3.org/2001/XMLSchema-instance" xsi:noNamespaceSchemaLocation="https://maven.apache.org/surefire/maven-surefire-plugin/xsd/surefire-test-report-3.0.xsd" version="3.0" name="cucumber.Options.TestRunner" time="1030.063" tests="8" errors="0" skipped="0" failures="2">
  <properties>
[...]
</properties>
  <testcase name="Controlled OTP Resend Interval" classname="Implement OTP Functionality with Security Measures for mobile app login. Validate rate limiting, anti-automation checks," time="3.886">
    <system-out><![CDATA[
@login @AppLoginMobileVAPT @AppLoginMobileVAPTsc1
Scenario: Controlled OTP Resend Interval                                  # src/test/java/features/Mobile_App/AppLoginMobileVAPT.feature:8
  Given user submit "request_login_otp" with "POST" request for App-login # stepDefinitions.LoginApiSteps.userSubmitWithRequestForApplogin(java.lang.String,java.lang.String)
  Then validate response token validity time limit and generated token    # stepDefinitions.Mobile_App.AppLoginMobileVAPT.validateResponseTokenValidityTimeLimitAndGeneratedToken()
  And validate "statusCode" is "200" in responseBody                      # stepDefinitions.CommonStepDefinitions.validateIsInResponseBody(java.lang.String,java.lang.String)
  And validate "message" is "SUCCESS" in responseBody                     # stepDefinitions.CommonStepDefinitions.validateIsInResponseBody(java.lang.String,java.lang.String)
]]></system-out>
    <system-err><![CDATA[SLF4J(W): No SLF4J providers were found.
SLF4J(W): Defaulting to no-operation (NOP) logger implementation
SLF4J(W): See https://www.slf4j.org/codes.html#noProviders for further details.
]]></system-err>
  </testcase>
  <testcase name="Validate OTP" classname="Implement OTP Functionality with Security Measures for mobile app login. Validate rate limiting, anti-automation checks," time="0.011">
    <system-out><![CDATA[
@login @AppLoginMobileVAPT @AppLoginMobileVAPTsc2
Scenario: Validate OTP # src/test/java/features/Mobile_App/AppLoginMobileVAPT.feature:25
]]></system-out>
  </testcase>
  <testcase name="submit login api and verify whether login is successful" classname="Validate login API for Portal and assigned webMenus after login" time="0.548">
    <system-out><![CDATA[
@login @loginPortal @loginPortalsc1
Scenario Outline: submit login api and verify whether login is successful   # src/test/java/features/Portal/Portal_Login.feature:18
  Given add loginAPI payload with "username" and "password"                 # stepDefinitions.Portal.PortalLoginSteps.addLoginAPIPayloadWithAnd(java.lang.String,java.lang.String)
  When user submit "loginAPI" with "POST" request for loginPortal           # stepDefinitions.Portal.PortalLoginSteps.userSubmitWithPOSTRequestForLoginPortal(java.lang.String,java.lang.String)
  Then API call is success with status code 200                             # stepDefinitions.CommonStepDefinitions.apiCallIsSuccessWithStatusCode200()
API Response Time: 273 ms-----------------responseTime------------------
  Then validate ApiResponse execution time                                  # stepDefinitions.CommonStepDefinitions.validateApiResponseExecutionTime()
token is: eyJhbGciOiJIUzI1NiJ9.eyJzdWIiOiJwb2x5Y2FiQGdldGFzc2lzdGl2ZS5jb20iLCJhdWQiOiJhc3Npc3RpdmVfYXAiLCJzY29wZXMiOlt7ImF1dGhvcml0eSI6IlJPTEVfQURNSU4ifV0sInVzZXJJZCI6IjM3NzEiLCJ1c2VySXAiOiI0NS4yNTAuNDkuMTUwIiwidXNlckJyb3dzZXIiOiJBcGFjaGUtSHR0cENsaWVudC80LjUuMTMgKEphdmEvMTcuMC42KSIsInJlZ2lvbkNvZGUiOiJhcC1zb3V0aC0xIiwic2Vzc2lvbklkIjoiMDAwMDAxOTEtOTdkZS0wZGVmLTAwMDAtMDAwMDAwMDAwZWJiIiwibW9kdWxlVHlwZSI6MCwiZW50aXR5UmVjb3JkSWQiOjAsImlzcyI6InN5c3RlbSIsImlhdCI6MTcyNDgyOTc5NywiZXhwIjoxNzI0ODQ3Nzk3fQ.Csdq6vz3_CIPxG-nlF_-7UtEiaFxBuNHIHPgqwMrnU8-----------------token-------------------
  Then validate token is generated                                          # stepDefinitions.Portal.PortalLoginSteps.validateTokenIsGenerated()
{"user":{"userId":3771,"userCode":1003533,"firstName":"Polycab","middleName":null,"lastName":"Admin","userName":"polycab@getassistive.com","password":"7242b2af69845834b9e9a2aef6bceb86","communicationEmail":"polycab.email@gmail.com","personalEmail":"polycab@getassistive.com","mobile":"8541913685","active":1,"userType":3,"defaultProjectId":355,"resetPasswordToken":null,"profilePictureName":null,"userProject":[{"id":3841,"active":1,"nodeKey":"0-3771","serialNo":null,"assignedOn":1704326400000,"project":{"projectId":355,"projectName":"Polycab Red Carpet","projectLogoImage":"https://static.assistive.site/ap-south-1-data/355/others/2024/06/IMG_355_1718170013342_OTHERS_2024-06-12T05:26:53.342459361.png","cmProjectType":3,"timezone":{"id":1,"timeZoneName":"(UTC+5:30) Indian Standard Time","active":1},"language":{"id":1,"languageName":"English","active":1},"country":{"countryId":1,"countryCode":"IND","callingCode":"+91","countryName":"India","projectId":67},"active":1,"logicalName":"sys_gmail_25","selectCarouselFlag":1,"carouselList":null,"updatedBy":null,"createdDate":null,"allowedDaysForPointHistory":null,"otpSmsUrl":"https://api2.growwsaas.com/fe/api/v1/multiSend?username=cpgrohe.trans&password=OKZZf&unicode=false&from=PLYCAB","otpMessage":"Dear Partner,Your OTP code is <<smsotpforuser>>. Thanks & Regards, Team Polycab Red Carpet","sendOtpFromWhatsapp":false,"whatsappOtpUrl":null,"whatsappOtpRequest":null,"whatsappOtpUrlHeader":null,"pointsExpireInDays":null,"sendPointTransactionEmail":0,"isSmsEnabled":1,"otpValidityDuration":60,"resendOtpInterval":12,"maxSendOtpRequest":2,"otpCountResetAfter":120,"maxFailureAttempt":5,"failureAttemptResetAfter":180},"updatedTimestamp":1704357329000}]},"token":"eyJhbGciOiJIUzI1NiJ9.eyJzdWIiOiJwb2x5Y2FiQGdldGFzc2lzdGl2ZS5jb20iLCJhdWQiOiJhc3Npc3RpdmVfYXAiLCJzY29wZXMiOlt7ImF1dGhvcml0eSI6IlJPTEVfQURNSU4ifV0sInVzZXJJZCI6IjM3NzEiLCJ1c2VySXAiOiI0NS4yNTAuNDkuMTUwIiwidXNlckJyb3dzZXIiOiJBcGFjaGUtSHR0cENsaWVudC80LjUuMTMgKEphdmEvMTcuMC42KSIsInJlZ2lvbkNvZGUiOiJhcC1zb3V0aC0xIiwic2Vzc2lvbklkIjoiMDAwMDAxOTEtOTdkZS0wZGVmLTAwMDAtMDAwMDAwMDAwZWJiIiwibW9kdWxlVHlwZSI6MCwiZW50aXR5UmVjb3JkSWQiOjAsImlzcyI6InN5c3RlbSIsImlhdCI6MTcyNDgyOTc5NywiZXhwIjoxNzI0ODQ3Nzk3fQ.Csdq6vz3_CIPxG-nlF_-7UtEiaFxBuNHIHPgqwMrnU8","serverTimezone":"GMT","appServerUrl":"https://endpoints-backend.api.ap.assistive.site/retailitynew","userSessionId":"WA8wqH+xsaZK9Ie9gDedNg=="}-------------------------response-----------
  Then "355" is validated                                                   # stepDefinitions.Portal.PortalLoginSteps.isValidated(java.lang.String)
projectName 0: Polycab Red Carpet---------------projectName----------------
project logo img 0:https://static.assistive.site/ap-south-1-data/355/others/2024/06/IMG_355_1718170013342_OTHERS_2024-06-12T05:26:53.342459361.png ---------------logo----------------
  Then validate count of assigned projects and display "Polycab Red Carpet" # stepDefinitions.Portal.PortalLoginSteps.validateCountOfAssignedProjectsAndDisplay(java.lang.String)
]]></system-out>
  </testcase>
  <testcase name="validate assigned web menus after login is successful" classname="Validate login API for Portal and assigned webMenus after login" time="0.848">
    <system-out><![CDATA[
@login @loginPortal @loginPortalsc2
Scenario Outline: validate assigned web menus after login is successful                                        # src/test/java/features/Portal/Portal_Login.feature:31
  Given add loginAPI payload with "username" and "password"                                                    # stepDefinitions.Portal.PortalLoginSteps.addLoginAPIPayloadWithAnd(java.lang.String,java.lang.String)
  When user submit "loginAPI" with "POST" request for loginPortal                                              # stepDefinitions.Portal.PortalLoginSteps.userSubmitWithPOSTRequestForLoginPortal(java.lang.String,java.lang.String)
  Then submit "assignedWebMenus" api with "token" and validate menu items for selected "355"                   # stepDefinitions.Portal.PortalLoginSteps.submitApiWithAndValidateMenuItemsForSelected(java.lang.String,java.lang.String,java.lang.String)
menuCount is: 6--------------menuCount--------------
fetchSub_SubmenuTitle is: Daily Activity Report---------fetchSub_SubmenuTitle-----2------
  Then validate count and value of submenus for "Analytics" and "Daily Activity Report" as per user-role rules # stepDefinitions.Portal.PortalLoginSteps.validateCountAndValueOfSubmenusForAsPerUserRoleRules(java.lang.String,java.lang.String)
]]></system-out>
  </testcase>
  <testcase name="Manual Logout and Session Expiration" classname="Validate login functionality VAPT testing for portal. Check Secure Session Management and Authentication Mechanisms" time="1.439">
    <failure message="expected:&lt;200&gt; but was:&lt;401&gt;" type="java.lang.AssertionError"><![CDATA[java.lang.AssertionError: expected:<200> but was:<401>
	at org.junit.Assert.fail(Assert.java:89)
	at org.junit.Assert.failNotEquals(Assert.java:835)
	at org.junit.Assert.assertEquals(Assert.java:647)
	at org.junit.Assert.assertEquals(Assert.java:633)
	at stepDefinitions.Portal.PortalLoginVAPTSteps.verifyIfUserAbleToSubmitAPIWithSameTokenSession(PortalLoginVAPTSteps.java:44)
	at stepDefinitions.Portal.PortalLoginVAPTSteps.validateUsersShouldNotBeAbleToUseTheExpiredTokenToAccessTheSystem(PortalLoginVAPTSteps.java:75)
	at ✽.validate users should not be able to use the expired token to access the system(file:///C:/Users/Soumya/Documents/GitHub/Git%20local%20API/RestAssured_Polycab/RestAssured_Polycab/src/test/java/features/Portal/Portal_LoginVAPT.feature:14)
]]></failure>
    <system-out><![CDATA[
@login @loginPortalVAPTsc1
Scenario: Manual Logout and Session Expiration                                               # src/test/java/features/Portal/Portal_LoginVAPT.feature:7
  Given user submit "loginAPI" with "POST" request for login                                 # stepDefinitions.LoginApiSteps.userSubmitWithPOSTRequestForLogin(java.lang.String,java.lang.String)
  Then verify if user able to submit "assistant" API with same token session                 # stepDefinitions.Portal.PortalLoginVAPTSteps.verifyIfUserAbleToSubmitAPIWithSameTokenSession(java.lang.String)
  When add logoutApi payload                                                                 # stepDefinitions.Portal.PortalLoginVAPTSteps.addLogoutApiPayload()
  Then user submit "logoutApi" with "POST" request with "token" for logout                   # stepDefinitions.Portal.PortalLoginVAPTSteps.userSubmitWithRequestWithForLogout(java.lang.String,java.lang.String,java.lang.String)
  Then validate after a user manually logs out the session token must be immediately expired # stepDefinitions.Portal.PortalLoginVAPTSteps.validateAfterAUserManuallyLogsOutTheSessionTokenMustBeImmediatelyExpired()
  Then validate users should not be able to use the expired token to access the system       # stepDefinitions.Portal.PortalLoginVAPTSteps.validateUsersShouldNotBeAbleToUseTheExpiredTokenToAccessTheSystem()
      java.lang.AssertionError: expected:<200> but was:<401>
	at org.junit.Assert.fail(Assert.java:89)
	at org.junit.Assert.failNotEquals(Assert.java:835)
	at org.junit.Assert.assertEquals(Assert.java:647)
	at org.junit.Assert.assertEquals(Assert.java:633)
	at stepDefinitions.Portal.PortalLoginVAPTSteps.verifyIfUserAbleToSubmitAPIWithSameTokenSession(PortalLoginVAPTSteps.java:44)
	at stepDefinitions.Portal.PortalLoginVAPTSteps.validateUsersShouldNotBeAbleToUseTheExpiredTokenToAccessTheSystem(PortalLoginVAPTSteps.java:75)
	at âœ½.validate users should not be able to use the expired token to access the system(file:///C:/Users/Soumya/Documents/GitHub/Git%20local%20API/RestAssured_Polycab/RestAssured_Polycab/src/test/java/features/Portal/Portal_LoginVAPT.feature:14)

]]></system-out>
  </testcase>
  <testcase name="Inactivity-based Session Expiration" classname="Validate login functionality VAPT testing for portal. Check Secure Session Management and Authentication Mechanisms" time="1021.914">
    <failure message="expected:&lt;Unauthorized&gt; but was:&lt;null&gt;" type="java.lang.AssertionError"><![CDATA[java.lang.AssertionError: expected:<Unauthorized> but was:<null>
	at org.junit.Assert.fail(Assert.java:89)
	at org.junit.Assert.failNotEquals(Assert.java:835)
	at org.junit.Assert.assertEquals(Assert.java:120)
	at org.junit.Assert.assertEquals(Assert.java:146)
	at stepDefinitions.Portal.PortalLoginVAPTSteps.validateSessionShouldExpireAfterMinutesOfInactivity(PortalLoginVAPTSteps.java:94)
	at ✽.validate session should expire after 15 minutes of inactivity(file:///C:/Users/Soumya/Documents/GitHub/Git%20local%20API/RestAssured_Polycab/RestAssured_Polycab/src/test/java/features/Portal/Portal_LoginVAPT.feature:21)
]]></failure>
    <system-out><![CDATA[
@login @loginPortalVAPTsc2
Scenario: Inactivity-based Session Expiration                                                        # src/test/java/features/Portal/Portal_LoginVAPT.feature:18
  Given user submit "loginAPI" with "POST" request for login                                         # stepDefinitions.LoginApiSteps.userSubmitWithPOSTRequestForLogin(java.lang.String,java.lang.String)
  Then validate session should expire after 15 minutes of inactivity                                 # stepDefinitions.Portal.PortalLoginVAPTSteps.validateSessionShouldExpireAfterMinutesOfInactivity(int)
      java.lang.AssertionError: expected:<Unauthorized> but was:<null>
	at org.junit.Assert.fail(Assert.java:89)
	at org.junit.Assert.failNotEquals(Assert.java:835)
	at org.junit.Assert.assertEquals(Assert.java:120)
	at org.junit.Assert.assertEquals(Assert.java:146)
	at stepDefinitions.Portal.PortalLoginVAPTSteps.validateSessionShouldExpireAfterMinutesOfInactivity(PortalLoginVAPTSteps.java:94)
	at âœ½.validate session should expire after 15 minutes of inactivity(file:///C:/Users/Soumya/Documents/GitHub/Git%20local%20API/RestAssured_Polycab/RestAssured_Polycab/src/test/java/features/Portal/Portal_LoginVAPT.feature:21)

  Then validate users should be automatically logged out after the session expires due to inactivity # stepDefinitions.Portal.PortalLoginVAPTSteps.validateUsersShouldBeAutomaticallyLoggedOutAfterTheSessionExpiresDueToInactivity()
]]></system-out>
  </testcase>
  <testcase name="Rate Limiting and Account Lockout" classname="Validate login functionality VAPT testing for portal. Check Secure Session Management and Authentication Mechanisms" time="0.289">
    <system-out><![CDATA[
@login @loginPortalVAPTsc3
Scenario: Rate Limiting and Account Lockout                  # src/test/java/features/Portal/Portal_LoginVAPT.feature:26
  Given user submit "loginAPI" with "POST" request for login # stepDefinitions.LoginApiSteps.userSubmitWithPOSTRequestForLogin(java.lang.String,java.lang.String)
]]></system-out>
  </testcase>
  <testcase name="Consistent Error Messaging" classname="Validate login functionality VAPT testing for portal. Check Secure Session Management and Authentication Mechanisms" time="0.283">
    <system-out><![CDATA[
@login @loginPortalVAPTsc4
Scenario: Consistent Error Messaging                         # src/test/java/features/Portal/Portal_LoginVAPT.feature:32
  Given user submit "loginAPI" with "POST" request for login # stepDefinitions.LoginApiSteps.userSubmitWithPOSTRequestForLogin(java.lang.String,java.lang.String)
]]></system-out>
  </testcase>
</testsuite>